<?xml version="1.0" encoding="UTF-8"?>
<!-- Generated by org.testng.reporters.JUnitReportReporter -->
<testsuite hostname="LAPTOP-77V78I17" failures="0" tests="1" name="cucumber.option.TestRunner" time="16.776" errors="0" timestamp="2024-04-24T09:03:31 GMT-04:00" skipped="0">
  <testcase classname="cucumber.option.TestRunner" name="runScenario" time="16.776"/>
</testsuite> <!-- cucumber.option.TestRunner -->
